/home/iceice666/.mcserver/Create+Astral+Server+Pack+v2.0.2/world
/home/iceice666/.mcserver/Create+Astral+Server+Pack+v2.0.2/libraries
/home/iceice666/.mcserver/Create+Astral+Server+Pack+v2.0.2/ModTranslations
/home/iceice666/.mcserver/Create+Astral+Server+Pack+v2.0.2/logs
/home/iceice666/.mcserver/Create+Astral+Server+Pack+v2.0.2/defaultconfigs
/home/iceice666/.mcserver/Create+Astral+Server+Pack+v2.0.2/config
/home/iceice666/.mcserver/Create+Astral+Server+Pack+v2.0.2/versions
/home/iceice666/.mcserver/Create+Astral+Server+Pack+v2.0.2/mods
/home/iceice666/.mcserver/Create+Astral+Server+Pack+v2.0.2/global_packs
/home/iceice666/.mcserver/Create+Astral+Server+Pack+v2.0.2/resourcepacks
/home/iceice666/.mcserver/Create+Astral+Server+Pack+v2.0.2/kubejs
/home/iceice666/.mcserver/Create+Astral+Server+Pack+v2.0.2/quests_structures
/home/iceice666/.config/BetterDiscord/data
/home/iceice666/.config/BetterDiscord/plugins
/home/iceice666/.config/BetterDiscord/themes
/home/iceice666/Downloads
/home/iceice666/build
/home/Games
/home/iceice666/.config
/home/iceice666/.config/nvim/static
/home/iceice666/.config/nvim/lua
/
/home/iceice666/go
/home/iceice666/.config/nvim
/home
/home/iceice666/.config/BetterDiscord
/home/iceice666/.mcserver/Create+Astral+Server+Pack+v2.0.2
/home/iceice666/.mcserver
/home/iceice666
/home/iceice666/.mcserver/Create+Astral+Server+Pack+v2.0.2
